<?xml version="1.0" encoding="UTF-8"?>
<!-- Generated by org.testng.reporters.JUnitReportReporter -->
<testsuite hostname="sudhakar-PC" failures="0" tests="1" name="firsttestngpackage.LoginDemo4" time="0.025" errors="0" timestamp="24 Dec 2018 03:36:49 GMT" skipped="0">
  <testcase classname="firsttestngpackage.LoginDemo4" name="b_verifyHomepageTitle" time="0.025"/>
</testsuite> <!-- firsttestngpackage.LoginDemo4 -->
