<?xml version="1.0" encoding="UTF-8"?>
<!-- Generated by org.testng.reporters.JUnitReportReporter -->
<testsuite hostname="sudhakar-PC" failures="0" tests="1" name="firsttestngpackage.LoginDemo9" time="0.015" errors="0" timestamp="26 Dec 2018 14:25:26 GMT" skipped="0">
  <testcase classname="firsttestngpackage.LoginDemo9" name="b_verifyHomepageTitle" time="0.015"/>
</testsuite> <!-- firsttestngpackage.LoginDemo9 -->
