<?xml version="1.0" encoding="UTF-8"?>
<!-- Generated by org.testng.reporters.JUnitReportReporter -->
<testsuite hostname="sudhakar-PC" failures="0" tests="1" name="firsttestngpackage.LoginDemo8" time="0.015" errors="0" timestamp="25 Dec 2018 15:18:29 GMT" skipped="0">
  <testcase classname="firsttestngpackage.LoginDemo8" name="b_verifyHomepageTitle" time="0.015"/>
</testsuite> <!-- firsttestngpackage.LoginDemo8 -->
