<?xml version="1.0" encoding="UTF-8"?>
<!-- Generated by org.testng.reporters.JUnitReportReporter -->
<testsuite hostname="sudhakar-PC" failures="0" tests="3" name="firsttestngpackage.FirstTestNGFile5" time="0.688" errors="0" timestamp="07 Dec 2018 20:26:04 GMT" skipped="0">
  <testcase classname="firsttestngpackage.FirstTestNGFile5" name="c_DataDriven" time="0.659"/>
  <testcase classname="firsttestngpackage.FirstTestNGFile5" name="b_verifyLogin" time="0.009"/>
  <testcase classname="firsttestngpackage.FirstTestNGFile5" name="a_verifyHomepageTitle" time="0.020"/>
</testsuite> <!-- firsttestngpackage.FirstTestNGFile5 -->
