<?xml version="1.0" encoding="UTF-8"?>
<!-- Generated by org.testng.reporters.JUnitReportReporter -->
<testsuite hostname="sudhakar-PC" failures="0" tests="2" name="firsttestngpackage.FirstTestNGFile10" time="87.482" errors="0" timestamp="27 Dec 2018 02:43:16 GMT" skipped="0">
  <testcase classname="firsttestngpackage.FirstTestNGFile10" name="executeSessionTwo" time="41.910"/>
  <testcase classname="firsttestngpackage.FirstTestNGFile10" name="executSessionOne" time="45.572"/>
</testsuite> <!-- firsttestngpackage.FirstTestNGFile10 -->
