<?xml version="1.0" encoding="UTF-8"?>
<!-- Generated by org.testng.reporters.JUnitReportReporter -->
<testsuite hostname="sudhakar-PC" failures="0" tests="1" name="firsttestngpackage.FirstTestNGFile6" time="0.012" errors="0" timestamp="10 Dec 2018 02:35:01 GMT" skipped="0">
  <testcase classname="firsttestngpackage.FirstTestNGFile6" name="b_verifyHomepageTitle" time="0.012"/>
</testsuite> <!-- firsttestngpackage.FirstTestNGFile6 -->
