<?xml version="1.0" encoding="UTF-8"?>
<!-- Generated by org.testng.reporters.JUnitReportReporter -->
<testsuite hostname="sudhakar-PC" failures="0" tests="1" name="firsttestngpackage.Facebook1" time="0.138" errors="0" timestamp="27 Dec 2018 03:25:22 GMT" skipped="0">
  <testcase classname="firsttestngpackage.Facebook1" name="b_verifyHomepageTitle" time="0.138"/>
</testsuite> <!-- firsttestngpackage.Facebook1 -->
