<?xml version="1.0" encoding="UTF-8"?>
<!-- Generated by org.testng.reporters.JUnitReportReporter -->
<testsuite hostname="sudhakar-PC" failures="0" tests="3" name="firsttestngpackage.FirstTestNGFile" time="1.081" errors="0" timestamp="08 Dec 2018 03:15:24 GMT" skipped="0">
  <testcase classname="firsttestngpackage.FirstTestNGFile" name="c_DataDriven" time="1.066"/>
  <testcase classname="firsttestngpackage.FirstTestNGFile" name="b_verifyLogin" time="0.005"/>
  <testcase classname="firsttestngpackage.FirstTestNGFile" name="a_verifyHomepageTitle" time="0.010"/>
</testsuite> <!-- firsttestngpackage.FirstTestNGFile -->
