<?xml version="1.0" encoding="UTF-8"?>
<!-- Generated by org.testng.reporters.JUnitReportReporter -->
<testsuite hostname="sudhakar-PC" failures="0" tests="1" name="firsttestngpackage.LoginDemo3" time="0.030" errors="0" timestamp="25 Dec 2018 15:08:28 GMT" skipped="0">
  <testcase classname="firsttestngpackage.LoginDemo3" name="b_verifyHomepageTitle" time="0.030"/>
</testsuite> <!-- firsttestngpackage.LoginDemo3 -->
