<?xml version="1.0" encoding="UTF-8"?>
<!-- Generated by org.testng.reporters.JUnitReportReporter -->
<testsuite hostname="sudhakar-PC" failures="0" tests="1" name="firsttestngpackage.FirstTestNGFile3" time="1.366" errors="0" timestamp="06 Dec 2018 01:08:23 GMT" skipped="0">
  <testcase classname="firsttestngpackage.FirstTestNGFile3" name="c_DataDriven" time="1.366"/>
</testsuite> <!-- firsttestngpackage.FirstTestNGFile3 -->
