<?xml version="1.0" encoding="UTF-8"?>
<!-- Generated by org.testng.reporters.JUnitReportReporter -->
<testsuite hostname="sudhakar-PC" failures="0" tests="1" name="firsttestngpackage.FirstTestNGFile9" time="8.338" errors="0" timestamp="12 Dec 2018 23:11:26 GMT" skipped="0">
  <testcase classname="firsttestngpackage.FirstTestNGFile9" name="b_verifyHomepageTitle" time="8.338"/>
</testsuite> <!-- firsttestngpackage.FirstTestNGFile9 -->
