<?xml version="1.0" encoding="UTF-8"?>
<!-- Generated by org.testng.reporters.JUnitReportReporter -->
<testsuite hostname="sudhakar-PC" failures="0" tests="1" name="firsttestngpackage.ScrollByVisibleElement" time="7.978" errors="0" timestamp="14 Dec 2018 01:53:42 GMT" skipped="0">
  <testcase classname="firsttestngpackage.ScrollByVisibleElement" name="ByPixel" time="7.978"/>
</testsuite> <!-- firsttestngpackage.ScrollByVisibleElement -->
