<?xml version="1.0" encoding="UTF-8"?>
<!-- Generated by org.testng.reporters.JUnitReportReporter -->
<testsuite hostname="sudhakar-PC" failures="0" tests="1" name="firsttestngpackage.TC02" time="41.692" errors="0" timestamp="29 Dec 2018 00:53:37 GMT" skipped="0">
  <testcase classname="firsttestngpackage.TC02" name="b_verifyHomepageTitle2" time="41.692"/>
</testsuite> <!-- firsttestngpackage.TC02 -->
