<?xml version="1.0" encoding="UTF-8"?>
<!-- Generated by org.testng.reporters.JUnitReportReporter -->
<testsuite hostname="sudhakar-PC" failures="0" tests="1" name="firsttestngpackage.Amazon2" time="0.036" errors="0" timestamp="29 Dec 2018 04:08:31 GMT" skipped="0">
  <testcase classname="firsttestngpackage.Amazon2" name="b_verifyHomepageTitle" time="0.036"/>
</testsuite> <!-- firsttestngpackage.Amazon2 -->
