<?xml version="1.0" encoding="UTF-8"?>
<!-- Generated by org.testng.reporters.JUnitReportReporter -->
<testsuite hostname="sudhakar-PC" failures="0" tests="1" name="firsttestngpackage.LoginDemo2" time="0.011" errors="0" timestamp="18 Dec 2018 03:05:08 GMT" skipped="0">
  <testcase classname="firsttestngpackage.LoginDemo2" name="f" time="0.011"/>
</testsuite> <!-- firsttestngpackage.LoginDemo2 -->
