<?xml version="1.0" encoding="UTF-8"?>
<!-- Generated by org.testng.reporters.JUnitReportReporter -->
<testsuite hostname="sudhakar-PC" failures="0" tests="1" name="firsttestngpackage.Facebook" time="0.018" errors="0" timestamp="26 Dec 2018 14:28:10 GMT" skipped="0">
  <testcase classname="firsttestngpackage.Facebook" name="b_verifyHomepageTitle" time="0.018"/>
</testsuite> <!-- firsttestngpackage.Facebook -->
