<?xml version="1.0" encoding="UTF-8"?>
<!-- Generated by org.testng.reporters.JUnitReportReporter -->
<testsuite hostname="sudhakar-PC" failures="0" tests="1" name="firsttestngpackage.ScrollByPixel" time="17.254" errors="0" timestamp="14 Dec 2018 01:02:20 GMT" skipped="0">
  <testcase classname="firsttestngpackage.ScrollByPixel" name="ByPixel" time="17.254"/>
</testsuite> <!-- firsttestngpackage.ScrollByPixel -->
