<?xml version="1.0" encoding="UTF-8"?>
<!-- Generated by org.testng.reporters.JUnitReportReporter -->
<testsuite hostname="sudhakar-PC" failures="0" tests="1" name="firsttestngpackage.LoginDemo" time="0.016" errors="0" timestamp="18 Dec 2018 02:05:39 GMT" skipped="0">
  <testcase classname="firsttestngpackage.LoginDemo" name="b_verifyHomepageTitle" time="0.016"/>
</testsuite> <!-- firsttestngpackage.LoginDemo -->
