<?xml version="1.0" encoding="UTF-8"?>
<!-- Generated by org.testng.reporters.JUnitReportReporter -->
<testsuite hostname="sudhakar-PC" failures="0" tests="1" name="firsttestngpackage.LoginDemo5" time="0.032" errors="0" timestamp="24 Dec 2018 03:52:45 GMT" skipped="0">
  <testcase classname="firsttestngpackage.LoginDemo5" name="b_verifyHomepageTitle" time="0.032"/>
</testsuite> <!-- firsttestngpackage.LoginDemo5 -->
