<?xml version="1.0" encoding="UTF-8"?>
<!-- Generated by org.testng.reporters.JUnitReportReporter -->
<testsuite hostname="sudhakar-PC" failures="0" tests="1" name="firsttestngpackage.TC03_Billing_Create_Order" time="0.012" errors="0" timestamp="29 Dec 2018 01:39:34 GMT" skipped="0">
  <testcase classname="firsttestngpackage.TC03_Billing_Create_Order" name="BatchFolder" time="0.012"/>
</testsuite> <!-- firsttestngpackage.TC03_Billing_Create_Order -->
