<?xml version="1.0" encoding="UTF-8"?>
<!-- Generated by org.testng.reporters.JUnitReportReporter -->
<testsuite hostname="sudhakar-PC" failures="0" tests="1" name="firsttestngpackage.LoginDemo1" time="0.016" errors="0" timestamp="18 Dec 2018 03:01:45 GMT" skipped="0">
  <testcase classname="firsttestngpackage.LoginDemo1" name="f" time="0.016"/>
</testsuite> <!-- firsttestngpackage.LoginDemo1 -->
