<?xml version="1.0" encoding="UTF-8"?>
<!-- Generated by org.testng.reporters.JUnitReportReporter -->
<testsuite hostname="sudhakar-PC" failures="0" tests="1" name="firsttestngpackage.TC01" time="65.195" errors="0" timestamp="29 Dec 2018 00:53:37 GMT" skipped="0">
  <testcase classname="firsttestngpackage.TC01" name="b_verifyHomepageTitle2" time="65.195"/>
</testsuite> <!-- firsttestngpackage.TC01 -->
