<?xml version="1.0" encoding="UTF-8"?>
<!-- Generated by org.testng.reporters.JUnitReportReporter -->
<testsuite hostname="sudhakar-PC" failures="0" tests="2" name="firsttestngpackage.FirstTestNGFile2" time="6.937" errors="0" timestamp="08 Dec 2018 03:33:02 GMT" skipped="0">
  <testcase classname="firsttestngpackage.FirstTestNGFile2" name="a_verifyLogin" time="6.825"/>
  <testcase classname="firsttestngpackage.FirstTestNGFile2" name="b_verifyHomepageTitle" time="0.112"/>
</testsuite> <!-- firsttestngpackage.FirstTestNGFile2 -->
