<?xml version="1.0" encoding="UTF-8"?>
<!-- Generated by org.testng.reporters.JUnitReportReporter -->
<testsuite hostname="sudhakar-PC" failures="0" tests="1" name="firsttestngpackage.FirstTestNGFile4" time="0.334" errors="0" timestamp="05 Dec 2018 03:14:08 GMT" skipped="0">
  <testcase classname="firsttestngpackage.FirstTestNGFile4" name="c_DataDriven" time="0.334"/>
</testsuite> <!-- firsttestngpackage.FirstTestNGFile4 -->
